0 info it worked if it ends with ok
1 verbose cli [ 'C:\\Program Files\\nodejs\\node.exe',
1 verbose cli   'C:\\Program Files\\nodejs\\node_modules\\npm\\bin\\npm-cli.js',
1 verbose cli   'start' ]
2 info using npm@3.10.10
3 info using node@v6.17.1
4 verbose run-script [ 'prestart', 'start', 'poststart' ]
5 info lifecycle trainer-portal@0.1.0~prestart: trainer-portal@0.1.0
6 silly lifecycle trainer-portal@0.1.0~prestart: no script for prestart, continuing
7 info lifecycle trainer-portal@0.1.0~start: trainer-portal@0.1.0
8 verbose lifecycle trainer-portal@0.1.0~start: unsafe-perm in lifecycle true
9 verbose lifecycle trainer-portal@0.1.0~start: PATH: C:\Users\samee\AppData\Roaming\nvm\v6.17.1\node_modules\npm\bin\node-gyp-bin;C:\Users\samee\Documents\My Files\Projects\trainer-portal\node_modules\.bin;C:\Program Files (x86)\Common Files\Oracle\Java\javapath;C:\ProgramData\Boxstarter;C:\Program Files (x86)\Common Files\Intel\Shared Libraries\redist\intel64\compiler;C:\windows\system32;C:\windows;C:\windows\System32\Wbem;C:\windows\System32\WindowsPowerShell\v1.0\;C:\windows\System32\OpenSSH\;C:\Program Files (x86)\NVIDIA Corporation\PhysX\Common;C:\Program Files\NVIDIA Corporation\NVIDIA NvDLISR;C:\WINDOWS\system32;C:\WINDOWS;C:\WINDOWS\System32\Wbem;C:\WINDOWS\System32\WindowsPowerShell\v1.0\;C:\WINDOWS\System32\OpenSSH\;C:\Program Files\dotnet\;C:\ProgramData\chocolatey\bin;C:\Program Files\Git\cmd;C:\Program Files\Git\mingw64\bin;C:\Program Files\Git\usr\bin;C:\Users\samee\AppData\Local\Programs\Python\Python39;C:\Users\samee\AppData\Roaming\nvm;C:\Program Files\nodejs;C:\Program Files (x86)\Pulse Secure\VC142.CRT\X64\;C:\Program Files (x86)\Pulse Secure\VC142.CRT\X86\;C:\WINDOWS\system32;C:\WINDOWS;C:\WINDOWS\System32\Wbem;C:\WINDOWS\System32\WindowsPowerShell\v1.0\;C:\WINDOWS\System32\OpenSSH\;C:\Program Files\Docker\Docker\resources\bin;C:\Program Files\Java\jdk1.8.0_221\bin;C:\Users\samee\AppData\Roaming\npm;C:\Users\samee\AppData\Roaming\npm;C:\Users\samee\AppData\Local\Programs\Python\Python39\Scripts\;C:\Users\samee\AppData\Local\Programs\Python\Python39\;C:\Users\samee\AppData\Local\Microsoft\WindowsApps;C:\Users\samee\AppData\Local\Programs\Microsoft VS Code\bin;C:\Users\samee\AppData\Roaming\nvm;C:\Program Files\nodejs;;C:\Users\samee\AppData\Local\Microsoft\WindowsApps
10 verbose lifecycle trainer-portal@0.1.0~start: CWD: C:\Users\samee\Documents\My Files\Projects\trainer-portal
11 silly lifecycle trainer-portal@0.1.0~start: Args: [ '/d /s /c', 'react-scripts start' ]
12 silly lifecycle trainer-portal@0.1.0~start: Returned: code: 1  signal: null
13 info lifecycle trainer-portal@0.1.0~start: Failed to exec start script
14 verbose stack Error: trainer-portal@0.1.0 start: `react-scripts start`
14 verbose stack Exit status 1
14 verbose stack     at EventEmitter.<anonymous> (C:\Users\samee\AppData\Roaming\nvm\v6.17.1\node_modules\npm\lib\utils\lifecycle.js:255:16)
14 verbose stack     at emitTwo (events.js:106:13)
14 verbose stack     at EventEmitter.emit (events.js:191:7)
14 verbose stack     at ChildProcess.<anonymous> (C:\Users\samee\AppData\Roaming\nvm\v6.17.1\node_modules\npm\lib\utils\spawn.js:40:14)
14 verbose stack     at emitTwo (events.js:106:13)
14 verbose stack     at ChildProcess.emit (events.js:191:7)
14 verbose stack     at maybeClose (internal/child_process.js:920:16)
14 verbose stack     at Process.ChildProcess._handle.onexit (internal/child_process.js:230:5)
15 verbose pkgid trainer-portal@0.1.0
16 verbose cwd C:\Users\samee\Documents\My Files\Projects\trainer-portal
17 error Windows_NT 10.0.22621
18 error argv "C:\\Program Files\\nodejs\\node.exe" "C:\\Program Files\\nodejs\\node_modules\\npm\\bin\\npm-cli.js" "start"
19 error node v6.17.1
20 error npm  v3.10.10
21 error code ELIFECYCLE
22 error trainer-portal@0.1.0 start: `react-scripts start`
22 error Exit status 1
23 error Failed at the trainer-portal@0.1.0 start script 'react-scripts start'.
23 error Make sure you have the latest version of node.js and npm installed.
23 error If you do, this is most likely a problem with the trainer-portal package,
23 error not with npm itself.
23 error Tell the author that this fails on your system:
23 error     react-scripts start
23 error You can get information on how to open an issue for this project with:
23 error     npm bugs trainer-portal
23 error Or if that isn't available, you can get their info via:
23 error     npm owner ls trainer-portal
23 error There is likely additional logging output above.
24 verbose exit [ 1, true ]
